<?xml version="1.0" encoding="UTF-8"?>
<coverage generated="1621879713242" clover="3.2.0">
  <project timestamp="1621879713242" name="All files">
    <metrics statements="29" coveredstatements="25" conditionals="0" coveredconditionals="0" methods="17" coveredmethods="13" elements="46" coveredelements="38" complexity="0" loc="29" ncloc="29" packages="1" files="4" classes="4"/>
    <file name="Employee.js" path="/Users/omri/Documents/team-profile-generator/lib/Employee.js">
      <metrics statements="8" coveredstatements="7" conditionals="0" coveredconditionals="0" methods="5" coveredmethods="4"/>
      <line num="4" count="14" type="stmt"/>
      <line num="5" count="14" type="stmt"/>
      <line num="6" count="14" type="stmt"/>
      <line num="11" count="1" type="stmt"/>
      <line num="16" count="1" type="stmt"/>
      <line num="21" count="0" type="stmt"/>
      <line num="26" count="1" type="stmt"/>
      <line num="31" count="4" type="stmt"/>
    </file>
    <file name="Engineer.js" path="/Users/omri/Documents/team-profile-generator/lib/Engineer.js">
      <metrics statements="7" coveredstatements="6" conditionals="0" coveredconditionals="0" methods="4" coveredmethods="3"/>
      <line num="2" count="1" type="stmt"/>
      <line num="7" count="3" type="stmt"/>
      <line num="8" count="3" type="stmt"/>
      <line num="13" count="1" type="stmt"/>
      <line num="18" count="1" type="stmt"/>
      <line num="23" count="0" type="stmt"/>
      <line num="59" count="1" type="stmt"/>
    </file>
    <file name="Intern.js" path="/Users/omri/Documents/team-profile-generator/lib/Intern.js">
      <metrics statements="7" coveredstatements="6" conditionals="0" coveredconditionals="0" methods="4" coveredmethods="3"/>
      <line num="2" count="1" type="stmt"/>
      <line num="7" count="3" type="stmt"/>
      <line num="8" count="3" type="stmt"/>
      <line num="13" count="1" type="stmt"/>
      <line num="18" count="1" type="stmt"/>
      <line num="23" count="0" type="stmt"/>
      <line num="59" count="1" type="stmt"/>
    </file>
    <file name="Manager.js" path="/Users/omri/Documents/team-profile-generator/lib/Manager.js">
      <metrics statements="7" coveredstatements="6" conditionals="0" coveredconditionals="0" methods="4" coveredmethods="3"/>
      <line num="2" count="1" type="stmt"/>
      <line num="7" count="3" type="stmt"/>
      <line num="8" count="3" type="stmt"/>
      <line num="13" count="1" type="stmt"/>
      <line num="18" count="1" type="stmt"/>
      <line num="23" count="0" type="stmt"/>
      <line num="59" count="1" type="stmt"/>
    </file>
  </project>
</coverage>
