TN:
SF:lib/Employee.js
FN:3,(anonymous_0)
FN:10,(anonymous_1)
FN:15,(anonymous_2)
FN:20,(anonymous_3)
FN:25,(anonymous_4)
FNF:5
FNH:4
FNDA:14,(anonymous_0)
FNDA:1,(anonymous_1)
FNDA:1,(anonymous_2)
FNDA:0,(anonymous_3)
FNDA:1,(anonymous_4)
DA:4,14
DA:5,14
DA:6,14
DA:11,1
DA:16,1
DA:21,0
DA:26,1
DA:31,4
LF:8
LH:7
BRF:0
BRH:0
end_of_record
TN:
SF:lib/Engineer.js
FN:6,(anonymous_0)
FN:12,(anonymous_1)
FN:17,(anonymous_2)
FN:22,(anonymous_3)
FNF:4
FNH:3
FNDA:3,(anonymous_0)
FNDA:1,(anonymous_1)
FNDA:1,(anonymous_2)
FNDA:0,(anonymous_3)
DA:2,1
DA:7,3
DA:8,3
DA:13,1
DA:18,1
DA:23,0
DA:59,1
LF:7
LH:6
BRF:0
BRH:0
end_of_record
TN:
SF:lib/Intern.js
FN:6,(anonymous_0)
FN:12,(anonymous_1)
FN:17,(anonymous_2)
FN:22,(anonymous_3)
FNF:4
FNH:3
FNDA:3,(anonymous_0)
FNDA:1,(anonymous_1)
FNDA:1,(anonymous_2)
FNDA:0,(anonymous_3)
DA:2,1
DA:7,3
DA:8,3
DA:13,1
DA:18,1
DA:23,0
DA:59,1
LF:7
LH:6
BRF:0
BRH:0
end_of_record
TN:
SF:lib/Manager.js
FN:6,(anonymous_0)
FN:12,(anonymous_1)
FN:17,(anonymous_2)
FN:22,(anonymous_3)
FNF:4
FNH:3
FNDA:3,(anonymous_0)
FNDA:1,(anonymous_1)
FNDA:1,(anonymous_2)
FNDA:0,(anonymous_3)
DA:2,1
DA:7,3
DA:8,3
DA:13,1
DA:18,1
DA:23,0
DA:59,1
LF:7
LH:6
BRF:0
BRH:0
end_of_record
